2022-06-02 11:57:02,747:INFO:root:Trying to load target list from targets.csv
2022-06-02 11:57:02,747:INFO:root:Targets loaded from targets.csv
2022-06-02 11:57:07,749:INFO:root:Trying to connect to 34.105.57.79
2022-06-02 11:57:07,762:DEBUG:paramiko.transport:starting thread (client mode): 0x84d6c7c0
2022-06-02 11:57:07,763:DEBUG:paramiko.transport:Local version/idstring: SSH-2.0-paramiko_2.10.4
2022-06-02 11:57:07,780:DEBUG:paramiko.transport:Remote version/idstring: SSH-2.0-OpenSSH_8.0
2022-06-02 11:57:07,780:INFO:paramiko.transport:Connected (version 2.0, client OpenSSH_8.0)
2022-06-02 11:57:07,791:DEBUG:paramiko.transport:=== Key exchange possibilities ===
2022-06-02 11:57:07,791:DEBUG:paramiko.transport:kex algos: curve25519-sha256, curve25519-sha256@libssh.org, ecdh-sha2-nistp256, ecdh-sha2-nistp384, ecdh-sha2-nistp521, diffie-hellman-group-exchange-sha256, diffie-hellman-group14-sha256, diffie-hellman-group16-sha512, diffie-hellman-group18-sha512, diffie-hellman-group-exchange-sha1, diffie-hellman-group14-sha1
2022-06-02 11:57:07,791:DEBUG:paramiko.transport:server key: rsa-sha2-512, rsa-sha2-256, ssh-rsa, ecdsa-sha2-nistp256, ssh-ed25519
2022-06-02 11:57:07,791:DEBUG:paramiko.transport:client encrypt: aes256-gcm@openssh.com, chacha20-poly1305@openssh.com, aes256-ctr, aes256-cbc, aes128-gcm@openssh.com, aes128-ctr, aes128-cbc
2022-06-02 11:57:07,791:DEBUG:paramiko.transport:server encrypt: aes256-gcm@openssh.com, chacha20-poly1305@openssh.com, aes256-ctr, aes256-cbc, aes128-gcm@openssh.com, aes128-ctr, aes128-cbc
2022-06-02 11:57:07,791:DEBUG:paramiko.transport:client mac: hmac-sha2-256-etm@openssh.com, hmac-sha1-etm@openssh.com, umac-128-etm@openssh.com, hmac-sha2-512-etm@openssh.com, hmac-sha2-256, hmac-sha1, umac-128@openssh.com, hmac-sha2-512
2022-06-02 11:57:07,791:DEBUG:paramiko.transport:server mac: hmac-sha2-256-etm@openssh.com, hmac-sha1-etm@openssh.com, umac-128-etm@openssh.com, hmac-sha2-512-etm@openssh.com, hmac-sha2-256, hmac-sha1, umac-128@openssh.com, hmac-sha2-512
2022-06-02 11:57:07,791:DEBUG:paramiko.transport:client compress: none, zlib@openssh.com
2022-06-02 11:57:07,791:DEBUG:paramiko.transport:server compress: none, zlib@openssh.com
2022-06-02 11:57:07,791:DEBUG:paramiko.transport:client lang: <none>
2022-06-02 11:57:07,791:DEBUG:paramiko.transport:server lang: <none>
2022-06-02 11:57:07,791:DEBUG:paramiko.transport:kex follows: False
2022-06-02 11:57:07,791:DEBUG:paramiko.transport:=== Key exchange agreements ===
2022-06-02 11:57:07,791:DEBUG:paramiko.transport:Kex: curve25519-sha256@libssh.org
2022-06-02 11:57:07,791:DEBUG:paramiko.transport:HostKey: ssh-ed25519
2022-06-02 11:57:07,791:DEBUG:paramiko.transport:Cipher: aes128-ctr
2022-06-02 11:57:07,791:DEBUG:paramiko.transport:MAC: hmac-sha2-256
2022-06-02 11:57:07,791:DEBUG:paramiko.transport:Compression: none
2022-06-02 11:57:07,791:DEBUG:paramiko.transport:=== End of kex handshake ===
2022-06-02 11:57:07,806:DEBUG:paramiko.transport:kex engine KexCurve25519 specified hash_algo <built-in function openssl_sha256>
2022-06-02 11:57:07,806:DEBUG:paramiko.transport:Switch to new keys ...
2022-06-02 11:57:07,806:DEBUG:paramiko.transport:Adding ssh-ed25519 host key for 34.105.57.79: b'c5a7637aa562fc109df324e7fd47abcf'
2022-06-02 11:57:07,807:DEBUG:paramiko.transport:Got EXT_INFO: {'server-sig-algs': b'ssh-ed25519,ssh-rsa,rsa-sha2-256,rsa-sha2-512,ssh-dss,ecdsa-sha2-nistp256,ecdsa-sha2-nistp384,ecdsa-sha2-nistp521'}
2022-06-02 11:57:07,807:DEBUG:paramiko.transport:Trying discovered key b'35accc9d8592ec24027a240c01192a51' in /home/josh/.ssh/gcp_capstone
2022-06-02 11:57:07,863:DEBUG:paramiko.transport:userauth is OK
2022-06-02 11:57:07,863:DEBUG:paramiko.transport:Finalizing pubkey algorithm for key of type 'ssh-rsa'
2022-06-02 11:57:07,863:DEBUG:paramiko.transport:Our pubkey algorithm list: ['rsa-sha2-512', 'rsa-sha2-256', 'ssh-rsa']
2022-06-02 11:57:07,863:DEBUG:paramiko.transport:Server-side algorithm list: ['ssh-ed25519', 'ssh-rsa', 'rsa-sha2-256', 'rsa-sha2-512', 'ssh-dss', 'ecdsa-sha2-nistp256', 'ecdsa-sha2-nistp384', 'ecdsa-sha2-nistp521']
2022-06-02 11:57:07,864:DEBUG:paramiko.transport:Agreed upon 'rsa-sha2-512' pubkey algorithm
2022-06-02 11:57:07,883:INFO:paramiko.transport:Authentication (publickey) successful!
2022-06-02 11:57:07,883:DEBUG:paramiko.transport:[chan 0] Max packet in: 32768 bytes
2022-06-02 11:57:07,898:DEBUG:paramiko.transport:Received global request "hostkeys-00@openssh.com"
2022-06-02 11:57:07,898:DEBUG:paramiko.transport:Rejecting "hostkeys-00@openssh.com" global request from server.
2022-06-02 11:57:07,898:DEBUG:paramiko.transport:Debug msg: b'/home/jparmrat/.ssh/authorized_keys:2: key options: agent-forwarding port-forwarding pty user-rc x11-forwarding'
2022-06-02 11:57:07,958:DEBUG:paramiko.transport:[chan 0] Max packet out: 32768 bytes
2022-06-02 11:57:07,958:DEBUG:paramiko.transport:Secsh channel 0 opened.
2022-06-02 11:57:07,979:DEBUG:paramiko.transport:[chan 0] Sesch channel 0 request ok
2022-06-02 11:57:07,996:DEBUG:paramiko.transport:[chan 0] EOF received (0)
2022-06-02 11:57:07,997:DEBUG:paramiko.transport:[chan 1] Max packet in: 32768 bytes
2022-06-02 11:57:07,997:DEBUG:paramiko.transport:[chan 0] EOF sent (0)
2022-06-02 11:57:08,014:DEBUG:paramiko.transport:[chan 1] Max packet out: 32768 bytes
2022-06-02 11:57:08,014:DEBUG:paramiko.transport:Secsh channel 1 opened.
2022-06-02 11:57:08,073:DEBUG:paramiko.transport:[chan 1] Sesch channel 1 request ok
2022-06-02 11:57:08,101:DEBUG:paramiko.transport:[chan 1] EOF received (1)
2022-06-02 11:57:08,101:DEBUG:paramiko.transport:[chan 1] EOF sent (1)
2022-06-02 11:57:08,110:INFO:root:Connected to 34.105.57.79
2022-06-02 11:57:08,111:DEBUG:paramiko.transport:[chan 2] Max packet in: 32768 bytes
2022-06-02 11:57:08,157:DEBUG:paramiko.transport:[chan 2] Max packet out: 32768 bytes
2022-06-02 11:57:08,157:DEBUG:paramiko.transport:Secsh channel 2 opened.
2022-06-02 11:57:08,168:DEBUG:paramiko.transport:[chan 2] Sesch channel 2 request ok
2022-06-02 11:57:09,324:DEBUG:paramiko.transport:[chan 2] EOF received (2)
2022-06-02 11:57:09,324:INFO:root:For 34.105.57.79 found appdynamics-machine-agent-22.4.0.3344-1.x86_64

2022-06-02 11:57:09,324:DEBUG:paramiko.transport:[chan 2] EOF sent (2)
2022-06-02 11:57:09,325:INFO:root:34.105.57.79 is Version not vulnerable
